cbm_hbi_hbi                                       28-Oct-2022 10:09:36
Running hierarchical bayesian inference (HBI)...

HBI has been initialized according to
	lap_Baseline.mat [for model 1]
	lap_ExpLearn.mat [for model 2]
	lap_ObsLearn.mat [for model 3]
	lap_FixArb.mat [for model 4]
	lap_DynArb.mat [for model 5]
 
Number of samples: 126
Number of models: 5
======================================================================
Iteration 01
Iteration 02
	model frequencies (percent)
	model 1: 22.4| model 2: 12.7| model 3: 30.2| model 4: 16.7| model 5: 18.0| 
                                                           dL:   86.25
                                                           dm:   69.83
                                                           dx:    0.33
Iteration 03
	model frequencies (percent)
	model 1: 22.1| model 2: 11.8| model 3: 36.6| model 4: 12.3| model 5: 17.1| 
                                                           dL:   27.01
                                                           dm:    6.42
                                                           dx:    0.23
Iteration 04
	model frequencies (percent)
	model 1: 21.7| model 2: 12.5| model 3: 38.3| model 4: 9.9| model 5: 17.6| 
                                                           dL:   10.39
                                                           dm:    1.67
                                                           dx:    0.15
Iteration 05
	model frequencies (percent)
	model 1: 21.5| model 2: 13.6| model 3: 38.3| model 4: 8.7| model 5: 17.9| 
                                                           dL:    5.88
                                                           dm:    0.06
                                                           dx:    0.13
Iteration 06
	model frequencies (percent)
	model 1: 21.4| model 2: 14.2| model 3: 37.8| model 4: 8.5| model 5: 18.1| 
                                                           dL:    3.33
                                                           dm:    0.52
                                                           dx:    0.09
Iteration 07
	model frequencies (percent)
	model 1: 21.3| model 2: 14.6| model 3: 37.0| model 4: 8.7| model 5: 18.4| 
                                                           dL:   -6.85
                                                           dm:    0.75
                                                           dx:    0.06
Iteration 08
	model frequencies (percent)
	model 1: 21.2| model 2: 14.7| model 3: 36.4| model 4: 9.2| model 5: 18.5| 
                                                           dL:    1.14
                                                           dm:    0.67
                                                           dx:    0.04
Iteration 09
	model frequencies (percent)
	model 1: 21.2| model 2: 14.7| model 3: 35.8| model 4: 9.7| model 5: 18.6| 
                                                           dL:    1.30
                                                           dm:    0.60
                                                           dx:    0.03
Iteration 10
	model frequencies (percent)
	model 1: 21.1| model 2: 14.6| model 3: 35.3| model 4: 10.0| model 5: 18.9| 
                                                           dL:    1.77
                                                           dm:    0.45
                                                           dx:    0.02
Iteration 11
	model frequencies (percent)
	model 1: 21.1| model 2: 14.4| model 3: 35.0| model 4: 10.1| model 5: 19.5| 
                                                           dL:   -3.27
                                                           dm:    0.37
                                                           dx:    0.03
Iteration 12
	model frequencies (percent)
	model 1: 21.0| model 2: 14.2| model 3: 34.6| model 4: 10.1| model 5: 20.1| 
                                                           dL:   15.18
                                                           dm:    0.31
                                                           dx:    0.03
Iteration 13
	model frequencies (percent)
	model 1: 20.9| model 2: 14.0| model 3: 34.3| model 4: 10.2| model 5: 20.6| 
                                                           dL:    1.35
                                                           dm:    0.33
                                                           dx:    0.03
Iteration 14
	model frequencies (percent)
	model 1: 20.8| model 2: 14.0| model 3: 34.0| model 4: 10.3| model 5: 20.8| 
                                                           dL:    1.23
                                                           dm:    0.32
                                                           dx:    0.02
Iteration 15
	model frequencies (percent)
	model 1: 20.7| model 2: 14.2| model 3: 33.7| model 4: 10.3| model 5: 21.0| 
                                                           dL:    0.00
                                                           dm:    0.25
                                                           dx:    0.02
Iteration 16
	model frequencies (percent)
	model 1: 20.6| model 2: 14.6| model 3: 33.5| model 4: 10.4| model 5: 21.0| 
                                                           dL:    1.49
                                                           dm:    0.28
                                                           dx:    0.02
Iteration 17
	model frequencies (percent)
	model 1: 20.4| model 2: 14.6| model 3: 33.3| model 4: 10.4| model 5: 21.3| 
                                                           dL:    0.36
                                                           dm:    0.15
                                                           dx:    0.02
Iteration 18
	model frequencies (percent)
	model 1: 20.3| model 2: 14.6| model 3: 32.9| model 4: 10.5| model 5: 21.7| 
                                                           dL:    0.80
                                                           dm:    0.43
                                                           dx:    0.01
Iteration 19
	model frequencies (percent)
	model 1: 20.3| model 2: 14.4| model 3: 32.5| model 4: 10.6| model 5: 22.2| 
                                                           dL:  -11.71
                                                           dm:    0.36
                                                           dx:    0.05
Iteration 20
	model frequencies (percent)
	model 1: 20.2| model 2: 15.2| model 3: 33.3| model 4: 10.9| model 5: 20.4| 
                                                           dL:    6.75
                                                           dm:    0.73
                                                           dx:    0.04
Iteration 21
	model frequencies (percent)
	model 1: 20.2| model 2: 14.9| model 3: 32.9| model 4: 10.9| model 5: 21.0| 
                                                           dL:   -4.29
                                                           dm:    0.33
                                                           dx:    0.03
Iteration 22
	model frequencies (percent)
	model 1: 20.2| model 2: 15.7| model 3: 32.6| model 4: 11.0| model 5: 20.4| 
                                                           dL:    8.68
                                                           dm:    0.28
                                                           dx:    0.02
Iteration 23
	model frequencies (percent)
	model 1: 20.3| model 2: 15.2| model 3: 31.8| model 4: 11.1| model 5: 21.6| 
                                                           dL:   -7.54
                                                           dm:    0.86
                                                           dx:    0.02
Iteration 24
	model frequencies (percent)
	model 1: 20.3| model 2: 15.8| model 3: 32.2| model 4: 11.2| model 5: 20.5| 
                                                           dL:    7.07
                                                           dm:    0.38
                                                           dx:    0.02
Iteration 25
	model frequencies (percent)
	model 1: 20.4| model 2: 15.2| model 3: 31.5| model 4: 11.3| model 5: 21.6| 
                                                           dL:   -3.36
                                                           dm:    0.67
                                                           dx:    0.02
Iteration 26
	model frequencies (percent)
	model 1: 20.4| model 2: 15.7| model 3: 31.3| model 4: 11.4| model 5: 21.3| 
                                                           dL:    4.27
                                                           dm:    0.17
                                                           dx:    0.03
Iteration 27
	model frequencies (percent)
	model 1: 20.4| model 2: 15.1| model 3: 31.3| model 4: 11.4| model 5: 21.8| 
                                                           dL:    0.35
                                                           dm:    0.05
                                                           dx:    0.03
Iteration 28
	model frequencies (percent)
	model 1: 20.4| model 2: 14.8| model 3: 31.2| model 4: 11.5| model 5: 22.1| 
                                                           dL:   -3.77
                                                           dm:    0.08
                                                           dx:    0.02
Iteration 29
	model frequencies (percent)
	model 1: 20.3| model 2: 15.5| model 3: 31.1| model 4: 11.4| model 5: 21.6| 
                                                           dL:    0.63
                                                           dm:    0.05
                                                           dx:    0.02
Iteration 30
	model frequencies (percent)
	model 1: 20.4| model 2: 15.7| model 3: 31.1| model 4: 11.5| model 5: 21.3| 
                                                           dL:    3.62
                                                           dm:    0.01
                                                           dx:    0.01
Iteration 31
	model frequencies (percent)
	model 1: 20.5| model 2: 15.0| model 3: 31.2| model 4: 11.5| model 5: 21.9| 
                                                           dL:    0.38
                                                           dm:    0.05
                                                           dx:    0.01
Iteration 32
	model frequencies (percent)
	model 1: 20.4| model 2: 14.7| model 3: 31.1| model 4: 11.5| model 5: 22.2| 
                                                           dL:   -3.93
                                                           dm:    0.06
                                                           dx:    0.01
                                                          Converged :]
